# JRE version: OpenJDK Runtime Environment (17.0.11) (build 17.0.11+0--11852314)
# Java VM: OpenJDK 64-Bit Server VM (17.0.11+0--11852314, mixed mode, tiered, compressed oops, compressed class ptrs, g1 gc, windows-amd64)
GC Precious Log:
 CPUs: 16 total, 16 available
 Memory: 40659M
 Large Page Support: Disabled
 NUMA Support: Disabled
 Compressed Oops: Enabled (32-bit)
 Heap Region Size: 1M
 Heap Min Capacity: 8M
 Heap Initial Capacity: 636M
 Heap Max Capacity: 2G
 Pre-touch: Disabled
 Parallel Workers: 13
 Concurrent Workers: 3
 Concurrent Refinement Workers: 13
 Periodic GC: Disabled
Heap:
 garbage-first heap   total 361472K, used 196330K [0x0000000080000000, 0x0000000100000000)
  region size 1024K, 152 young (155648K), 2 survivors (2048K)
 Metaspace       used 64924K, committed 65472K, reserved 1114112K
  class space    used 8786K, committed 9024K, reserved 1048576K
GC Heap History (20 events):
Event: 4.960 GC heap before
{Heap before GC invocations=5 (full 0):
 garbage-first heap   total 71680K, used 49328K [0x0000000080000000, 0x0000000100000000)
  region size 1024K, 30 young (30720K), 2 survivors (2048K)
 Metaspace       used 30365K, committed 30720K, reserved 1114112K
  class space    used 3996K, committed 4160K, reserved 1048576K
}
Event: 4.962 GC heap after
{Heap after GC invocations=6 (full 0):
 garbage-first heap   total 71680K, used 23247K [0x0000000080000000, 0x0000000100000000)
  region size 1024K, 4 young (4096K), 4 survivors (4096K)
 Metaspace       used 30365K, committed 30720K, reserved 1114112K
  class space    used 3996K, committed 4160K, reserved 1048576K
}
Event: 5.410 GC heap before
{Heap before GC invocations=6 (full 0):
 garbage-first heap   total 71680K, used 51919K [0x0000000080000000, 0x0000000100000000)
  region size 1024K, 32 young (32768K), 4 survivors (4096K)
 Metaspace       used 34038K, committed 34368K, reserved 1114112K
  class space    used 4604K, committed 4736K, reserved 1048576K
}
Event: 5.413 GC heap after
{Heap after GC invocations=7 (full 0):
 garbage-first heap   total 71680K, used 24608K [0x0000000080000000, 0x0000000100000000)
  region size 1024K, 4 young (4096K), 4 survivors (4096K)
 Metaspace       used 34038K, committed 34368K, reserved 1114112K
  class space    used 4604K, committed 4736K, reserved 1048576K
}
Event: 5.608 GC heap before
{Heap before GC invocations=7 (full 0):
 garbage-first heap   total 71680K, used 34848K [0x0000000080000000, 0x0000000100000000)
  region size 1024K, 16 young (16384K), 4 survivors (4096K)
 Metaspace       used 35700K, committed 35968K, reserved 1114112K
  class space    used 4853K, committed 4992K, reserved 1048576K
}
Event: 5.610 GC heap after
{Heap after GC invocations=8 (full 0):
 garbage-first heap   total 71680K, used 25186K [0x0000000080000000, 0x0000000100000000)
  region size 1024K, 2 young (2048K), 2 survivors (2048K)
 Metaspace       used 35700K, committed 35968K, reserved 1114112K
  class space    used 4853K, committed 4992K, reserved 1048576K
}
Event: 6.072 GC heap before
{Heap before GC invocations=9 (full 0):
 garbage-first heap   total 71680K, used 53858K [0x0000000080000000, 0x0000000100000000)
  region size 1024K, 31 young (31744K), 2 survivors (2048K)
 Metaspace       used 41553K, committed 41920K, reserved 1114112K
  class space    used 5478K, committed 5632K, reserved 1048576K
}
Event: 6.075 GC heap after
{Heap after GC invocations=10 (full 0):
 garbage-first heap   total 71680K, used 28890K [0x0000000080000000, 0x0000000100000000)
  region size 1024K, 4 young (4096K), 4 survivors (4096K)
 Metaspace       used 41553K, committed 41920K, reserved 1114112K
  class space    used 5478K, committed 5632K, reserved 1048576K
}
Event: 6.274 GC heap before
{Heap before GC invocations=10 (full 0):
 garbage-first heap   total 71680K, used 55514K [0x0000000080000000, 0x0000000100000000)
  region size 1024K, 30 young (30720K), 4 survivors (4096K)
 Metaspace       used 42650K, committed 43136K, reserved 1114112K
  class space    used 5653K, committed 5888K, reserved 1048576K
}
Event: 6.278 GC heap after
{Heap after GC invocations=11 (full 0):
 garbage-first heap   total 71680K, used 31103K [0x0000000080000000, 0x0000000100000000)
  region size 1024K, 3 young (3072K), 3 survivors (3072K)
 Metaspace       used 42650K, committed 43136K, reserved 1114112K
  class space    used 5653K, committed 5888K, reserved 1048576K
}
Event: 6.787 GC heap before
{Heap before GC invocations=11 (full 0):
 garbage-first heap   total 71680K, used 55679K [0x0000000080000000, 0x0000000100000000)
  region size 1024K, 27 young (27648K), 3 survivors (3072K)
 Metaspace       used 45202K, committed 45632K, reserved 1114112K
  class space    used 6073K, committed 6272K, reserved 1048576K
}
Event: 6.792 GC heap after
{Heap after GC invocations=12 (full 0):
 garbage-first heap   total 71680K, used 32873K [0x0000000080000000, 0x0000000100000000)
  region size 1024K, 4 young (4096K), 4 survivors (4096K)
 Metaspace       used 45202K, committed 45632K, reserved 1114112K
  class space    used 6073K, committed 6272K, reserved 1048576K
}
Event: 7.142 GC heap before
{Heap before GC invocations=12 (full 0):
 garbage-first heap   total 71680K, used 55401K [0x0000000080000000, 0x0000000100000000)
  region size 1024K, 27 young (27648K), 4 survivors (4096K)
 Metaspace       used 48029K, committed 48512K, reserved 1114112K
  class space    used 6538K, committed 6720K, reserved 1048576K
}
Event: 7.145 GC heap after
{Heap after GC invocations=13 (full 0):
 garbage-first heap   total 71680K, used 34193K [0x0000000080000000, 0x0000000100000000)
  region size 1024K, 4 young (4096K), 4 survivors (4096K)
 Metaspace       used 48029K, committed 48512K, reserved 1114112K
  class space    used 6538K, committed 6720K, reserved 1048576K
}
Event: 7.605 GC heap before
{Heap before GC invocations=13 (full 0):
 garbage-first heap   total 71680K, used 56721K [0x0000000080000000, 0x0000000100000000)
  region size 1024K, 26 young (26624K), 4 survivors (4096K)
 Metaspace       used 51116K, committed 51584K, reserved 1114112K
  class space    used 7024K, committed 7232K, reserved 1048576K
}
Event: 7.608 GC heap after
{Heap after GC invocations=14 (full 0):
 garbage-first heap   total 71680K, used 35792K [0x0000000080000000, 0x0000000100000000)
  region size 1024K, 3 young (3072K), 3 survivors (3072K)
 Metaspace       used 51116K, committed 51584K, reserved 1114112K
  class space    used 7024K, committed 7232K, reserved 1048576K
}
Event: 7.998 GC heap before
{Heap before GC invocations=14 (full 0):
 garbage-first heap   total 71680K, used 48080K [0x0000000080000000, 0x0000000100000000)
  region size 1024K, 16 young (16384K), 3 survivors (3072K)
 Metaspace       used 52600K, committed 53056K, reserved 1114112K
  class space    used 7273K, committed 7488K, reserved 1048576K
}
Event: 8.002 GC heap after
{Heap after GC invocations=15 (full 0):
 garbage-first heap   total 71680K, used 36940K [0x0000000080000000, 0x0000000100000000)
  region size 1024K, 2 young (2048K), 2 survivors (2048K)
 Metaspace       used 52600K, committed 53056K, reserved 1114112K
  class space    used 7273K, committed 7488K, reserved 1048576K
}
Event: 8.468 GC heap before
{Heap before GC invocations=16 (full 0):
 garbage-first heap   total 71680K, used 59468K [0x0000000080000000, 0x0000000100000000)
  region size 1024K, 22 young (22528K), 2 survivors (2048K)
 Metaspace       used 55519K, committed 56064K, reserved 1114112K
  class space    used 7626K, committed 7872K, reserved 1048576K
}
Event: 8.479 GC heap after
{Heap after GC invocations=17 (full 0):
 garbage-first heap   total 361472K, used 37610K [0x0000000080000000, 0x0000000100000000)
  region size 1024K, 2 young (2048K), 2 survivors (2048K)
 Metaspace       used 55519K, committed 56064K, reserved 1114112K
  class space    used 7626K, committed 7872K, reserved 1048576K
}

